<?xml version="1.0" encoding="UTF-8"?>
<!-- Generated by org.testng.reporters.JUnitXMLReporter -->
<testsuite ignored="0" hostname="LAPTOP-22G564AV" failures="0" tests="1" name="Test-Runner2" time="0.092" errors="0" timestamp="2023-01-15T23:04:46 IST">
  <testcase classname="com.demoblaze.testscripts.Addtocart" name="addtocartTest" time="0.0">
    <skipped/>
  </testcase> <!-- addtocartTest -->
</testsuite> <!-- Test-Runner2 -->
