<?xml version="1.0" encoding="UTF-8"?>
<!-- Generated by org.testng.reporters.JUnitReportReporter -->
<testsuite hostname="LAPTOP-22G564AV" failures="0" tests="1" name="com.demoblaze.testscripts.Addtocart" time="7.528" errors="0" timestamp="2023-01-16T15:03:16 IST" skipped="0">
  <testcase classname="com.demoblaze.testscripts.Addtocart" name="addtocartTest" time="7.528"/>
  <system-out>
    <![CDATA[Successfully Added the product to cart]]>
  </system-out>
</testsuite> <!-- com.demoblaze.testscripts.Addtocart -->
